ERROR:apscheduler.executors.default:Job "give_a_fuck (trigger: interval[0:00:10], next run at: 2015-01-25 13:50:56 IST)" raised an exception
Traceback (most recent call last):
  File "/usr/local/lib/python2.7/dist-packages/apscheduler/executors/base.py", line 108, in run_job
    retval = job.func(*job.args, **job.kwargs)
  File "./fuckyou.py", line 30, in give_a_fuck
    for mention in tweepy.Cursor(twitter.mentions_timeline).items().reverse:
AttributeError: 'ItemIterator' object has no attribute 'reverse'
ERROR:apscheduler.executors.default:Job "give_a_fuck (trigger: interval[0:00:10], next run at: 2015-01-25 13:50:56 IST)" raised an exception
Traceback (most recent call last):
  File "/usr/local/lib/python2.7/dist-packages/apscheduler/executors/base.py", line 108, in run_job
    retval = job.func(*job.args, **job.kwargs)
  File "./fuckyou.py", line 30, in give_a_fuck
    for mention in tweepy.Cursor(twitter.mentions_timeline).items().reverse:
AttributeError: 'ItemIterator' object has no attribute 'reverse'
ERROR:apscheduler.executors.default:Job "give_a_fuck (trigger: interval[0:00:10], next run at: 2015-01-25 13:51:06 IST)" raised an exception
Traceback (most recent call last):
  File "/usr/local/lib/python2.7/dist-packages/apscheduler/executors/base.py", line 108, in run_job
    retval = job.func(*job.args, **job.kwargs)
  File "./fuckyou.py", line 30, in give_a_fuck
    for mention in tweepy.Cursor(twitter.mentions_timeline).items().reverse:
AttributeError: 'ItemIterator' object has no attribute 'reverse'
ERROR:apscheduler.executors.default:Job "give_a_fuck (trigger: interval[0:00:10], next run at: 2015-01-25 13:51:16 IST)" raised an exception
Traceback (most recent call last):
  File "/usr/local/lib/python2.7/dist-packages/apscheduler/executors/base.py", line 108, in run_job
    retval = job.func(*job.args, **job.kwargs)
  File "./fuckyou.py", line 30, in give_a_fuck
    for mention in tweepy.Cursor(twitter.mentions_timeline).items().reverse:
AttributeError: 'ItemIterator' object has no attribute 'reverse'
ERROR:apscheduler.executors.default:Job "give_a_fuck (trigger: interval[0:00:10], next run at: 2015-01-25 13:51:26 IST)" raised an exception
Traceback (most recent call last):
  File "/usr/local/lib/python2.7/dist-packages/apscheduler/executors/base.py", line 108, in run_job
    retval = job.func(*job.args, **job.kwargs)
  File "./fuckyou.py", line 30, in give_a_fuck
    for mention in tweepy.Cursor(twitter.mentions_timeline).items().reverse:
AttributeError: 'ItemIterator' object has no attribute 'reverse'
ERROR:apscheduler.executors.default:Job "give_a_fuck (trigger: interval[0:00:10], next run at: 2015-01-25 13:51:46 IST)" raised an exception
Traceback (most recent call last):
  File "/usr/local/lib/python2.7/dist-packages/apscheduler/executors/base.py", line 108, in run_job
    retval = job.func(*job.args, **job.kwargs)
  File "./fuckyou.py", line 30, in give_a_fuck
    for mention in tweepy.Cursor(twitter.mentions_timeline).items():
AttributeError: 'ItemIterator' object has no attribute 'reverse'
WARNING:apscheduler.scheduler:Execution of job "give_a_fuck (trigger: interval[0:00:10], next run at: 2015-01-25 13:51:58 IST)" skipped: maximum number of running instances reached (1)
WARNING:apscheduler.scheduler:Execution of job "give_a_fuck (trigger: interval[0:00:10], next run at: 2015-01-25 13:52:08 IST)" skipped: maximum number of running instances reached (1)
WARNING:apscheduler.scheduler:Execution of job "give_a_fuck (trigger: interval[0:00:10], next run at: 2015-01-25 13:52:18 IST)" skipped: maximum number of running instances reached (1)
WARNING:apscheduler.scheduler:Execution of job "give_a_fuck (trigger: interval[0:00:10], next run at: 2015-01-25 13:52:28 IST)" skipped: maximum number of running instances reached (1)
WARNING:apscheduler.scheduler:Execution of job "give_a_fuck (trigger: interval[0:00:10], next run at: 2015-01-25 13:52:38 IST)" skipped: maximum number of running instances reached (1)
WARNING:apscheduler.scheduler:Execution of job "give_a_fuck (trigger: interval[0:00:10], next run at: 2015-01-25 13:52:48 IST)" skipped: maximum number of running instances reached (1)
WARNING:apscheduler.scheduler:Execution of job "give_a_fuck (trigger: interval[0:00:30], next run at: 2015-01-25 13:54:20 IST)" skipped: maximum number of running instances reached (1)
WARNING:apscheduler.scheduler:Execution of job "give_a_fuck (trigger: interval[0:00:30], next run at: 2015-01-25 13:54:50 IST)" skipped: maximum number of running instances reached (1)
WARNING:apscheduler.scheduler:Execution of job "give_a_fuck (trigger: interval[0:00:30], next run at: 2015-01-25 13:55:20 IST)" skipped: maximum number of running instances reached (1)
WARNING:apscheduler.scheduler:Execution of job "give_a_fuck (trigger: interval[0:00:30], next run at: 2015-01-25 13:55:50 IST)" skipped: maximum number of running instances reached (1)
WARNING:apscheduler.scheduler:Execution of job "give_a_fuck (trigger: interval[0:00:30], next run at: 2015-01-25 13:56:20 IST)" skipped: maximum number of running instances reached (1)
WARNING:apscheduler.scheduler:Execution of job "give_a_fuck (trigger: interval[0:00:30], next run at: 2015-01-25 13:56:50 IST)" skipped: maximum number of running instances reached (1)
WARNING:apscheduler.scheduler:Execution of job "give_a_fuck (trigger: interval[0:00:30], next run at: 2015-01-25 13:57:20 IST)" skipped: maximum number of running instances reached (1)
WARNING:apscheduler.scheduler:Execution of job "give_a_fuck (trigger: interval[0:00:30], next run at: 2015-01-25 13:57:50 IST)" skipped: maximum number of running instances reached (1)
WARNING:apscheduler.scheduler:Execution of job "give_a_fuck (trigger: interval[0:00:30], next run at: 2015-01-25 13:58:20 IST)" skipped: maximum number of running instances reached (1)
WARNING:apscheduler.scheduler:Execution of job "give_a_fuck (trigger: interval[0:00:30], next run at: 2015-01-25 13:58:50 IST)" skipped: maximum number of running instances reached (1)
WARNING:apscheduler.scheduler:Execution of job "give_a_fuck (trigger: interval[0:00:30], next run at: 2015-01-25 14:02:50 IST)" skipped: maximum number of running instances reached (1)
WARNING:apscheduler.scheduler:Execution of job "give_a_fuck (trigger: interval[0:00:30], next run at: 2015-01-25 14:03:20 IST)" skipped: maximum number of running instances reached (1)
WARNING:apscheduler.scheduler:Execution of job "give_a_fuck (trigger: interval[0:00:30], next run at: 2015-01-25 14:03:50 IST)" skipped: maximum number of running instances reached (1)
WARNING:apscheduler.scheduler:Execution of job "give_a_fuck (trigger: interval[0:00:30], next run at: 2015-01-25 14:04:20 IST)" skipped: maximum number of running instances reached (1)
WARNING:apscheduler.scheduler:Execution of job "give_a_fuck (trigger: interval[0:00:30], next run at: 2015-01-25 14:04:50 IST)" skipped: maximum number of running instances reached (1)
WARNING:apscheduler.scheduler:Execution of job "give_a_fuck (trigger: interval[0:00:30], next run at: 2015-01-25 14:05:20 IST)" skipped: maximum number of running instances reached (1)
WARNING:apscheduler.scheduler:Execution of job "give_a_fuck (trigger: interval[0:00:30], next run at: 2015-01-25 14:05:50 IST)" skipped: maximum number of running instances reached (1)
WARNING:apscheduler.scheduler:Execution of job "give_a_fuck (trigger: interval[0:00:30], next run at: 2015-01-25 14:06:20 IST)" skipped: maximum number of running instances reached (1)
WARNING:apscheduler.scheduler:Execution of job "give_a_fuck (trigger: interval[0:00:30], next run at: 2015-01-25 14:06:50 IST)" skipped: maximum number of running instances reached (1)
WARNING:apscheduler.scheduler:Execution of job "give_a_fuck (trigger: interval[0:00:30], next run at: 2015-01-25 14:07:20 IST)" skipped: maximum number of running instances reached (1)
WARNING:apscheduler.scheduler:Execution of job "give_a_fuck (trigger: interval[0:00:30], next run at: 2015-01-25 14:07:50 IST)" skipped: maximum number of running instances reached (1)
WARNING:apscheduler.scheduler:Execution of job "give_a_fuck (trigger: interval[0:00:30], next run at: 2015-01-25 14:08:20 IST)" skipped: maximum number of running instances reached (1)
WARNING:apscheduler.scheduler:Execution of job "give_a_fuck (trigger: interval[0:00:30], next run at: 2015-01-25 14:08:50 IST)" skipped: maximum number of running instances reached (1)
WARNING:apscheduler.scheduler:Execution of job "give_a_fuck (trigger: interval[0:00:30], next run at: 2015-01-25 14:09:20 IST)" skipped: maximum number of running instances reached (1)
WARNING:apscheduler.scheduler:Execution of job "give_a_fuck (trigger: interval[0:00:30], next run at: 2015-01-25 14:09:50 IST)" skipped: maximum number of running instances reached (1)
WARNING:apscheduler.scheduler:Execution of job "give_a_fuck (trigger: interval[0:00:30], next run at: 2015-01-25 14:10:20 IST)" skipped: maximum number of running instances reached (1)
WARNING:apscheduler.scheduler:Execution of job "give_a_fuck (trigger: interval[0:00:30], next run at: 2015-01-25 14:10:50 IST)" skipped: maximum number of running instances reached (1)
WARNING:apscheduler.scheduler:Execution of job "give_a_fuck (trigger: interval[0:00:30], next run at: 2015-01-25 14:11:20 IST)" skipped: maximum number of running instances reached (1)
WARNING:apscheduler.scheduler:Execution of job "give_a_fuck (trigger: interval[0:00:30], next run at: 2015-01-25 14:11:50 IST)" skipped: maximum number of running instances reached (1)
WARNING:apscheduler.scheduler:Execution of job "give_a_fuck (trigger: interval[0:00:30], next run at: 2015-01-25 14:12:20 IST)" skipped: maximum number of running instances reached (1)
WARNING:apscheduler.scheduler:Execution of job "give_a_fuck (trigger: interval[0:00:30], next run at: 2015-01-25 14:12:50 IST)" skipped: maximum number of running instances reached (1)
WARNING:apscheduler.scheduler:Execution of job "give_a_fuck (trigger: interval[0:00:30], next run at: 2015-01-25 14:13:20 IST)" skipped: maximum number of running instances reached (1)
WARNING:apscheduler.scheduler:Execution of job "give_a_fuck (trigger: interval[0:00:30], next run at: 2015-01-25 14:13:50 IST)" skipped: maximum number of running instances reached (1)
WARNING:apscheduler.scheduler:Execution of job "give_a_fuck (trigger: interval[0:00:30], next run at: 2015-01-25 14:18:20 IST)" skipped: maximum number of running instances reached (1)
WARNING:apscheduler.scheduler:Execution of job "give_a_fuck (trigger: interval[0:00:30], next run at: 2015-01-25 14:18:50 IST)" skipped: maximum number of running instances reached (1)
WARNING:apscheduler.scheduler:Execution of job "give_a_fuck (trigger: interval[0:00:30], next run at: 2015-01-25 14:19:20 IST)" skipped: maximum number of running instances reached (1)
WARNING:apscheduler.scheduler:Execution of job "give_a_fuck (trigger: interval[0:00:30], next run at: 2015-01-25 14:19:50 IST)" skipped: maximum number of running instances reached (1)
WARNING:apscheduler.scheduler:Execution of job "give_a_fuck (trigger: interval[0:00:30], next run at: 2015-01-25 14:20:20 IST)" skipped: maximum number of running instances reached (1)
WARNING:apscheduler.scheduler:Execution of job "give_a_fuck (trigger: interval[0:00:30], next run at: 2015-01-25 14:20:50 IST)" skipped: maximum number of running instances reached (1)
WARNING:apscheduler.scheduler:Execution of job "give_a_fuck (trigger: interval[0:00:30], next run at: 2015-01-25 14:21:20 IST)" skipped: maximum number of running instances reached (1)
WARNING:apscheduler.scheduler:Execution of job "give_a_fuck (trigger: interval[0:00:30], next run at: 2015-01-25 14:21:50 IST)" skipped: maximum number of running instances reached (1)
WARNING:apscheduler.scheduler:Execution of job "give_a_fuck (trigger: interval[0:00:30], next run at: 2015-01-25 14:22:20 IST)" skipped: maximum number of running instances reached (1)
WARNING:apscheduler.scheduler:Execution of job "give_a_fuck (trigger: interval[0:00:30], next run at: 2015-01-25 14:22:50 IST)" skipped: maximum number of running instances reached (1)
WARNING:apscheduler.scheduler:Execution of job "give_a_fuck (trigger: interval[0:00:30], next run at: 2015-01-25 14:23:20 IST)" skipped: maximum number of running instances reached (1)
WARNING:apscheduler.scheduler:Execution of job "give_a_fuck (trigger: interval[0:00:30], next run at: 2015-01-25 14:23:50 IST)" skipped: maximum number of running instances reached (1)
WARNING:apscheduler.scheduler:Execution of job "give_a_fuck (trigger: interval[0:00:30], next run at: 2015-01-25 14:24:20 IST)" skipped: maximum number of running instances reached (1)
WARNING:apscheduler.scheduler:Execution of job "give_a_fuck (trigger: interval[0:00:30], next run at: 2015-01-25 14:24:50 IST)" skipped: maximum number of running instances reached (1)
WARNING:apscheduler.scheduler:Execution of job "give_a_fuck (trigger: interval[0:00:30], next run at: 2015-01-25 14:25:20 IST)" skipped: maximum number of running instances reached (1)
WARNING:apscheduler.scheduler:Execution of job "give_a_fuck (trigger: interval[0:00:30], next run at: 2015-01-25 14:25:50 IST)" skipped: maximum number of running instances reached (1)
WARNING:apscheduler.scheduler:Execution of job "give_a_fuck (trigger: interval[0:00:30], next run at: 2015-01-25 14:26:20 IST)" skipped: maximum number of running instances reached (1)
WARNING:apscheduler.scheduler:Execution of job "give_a_fuck (trigger: interval[0:00:30], next run at: 2015-01-25 14:26:50 IST)" skipped: maximum number of running instances reached (1)
ERROR:apscheduler.executors.default:Job "give_a_fuck (trigger: interval[0:00:30], next run at: 2015-01-25 17:10:02 IST)" raised an exception
Traceback (most recent call last):
  File "/usr/local/lib/python2.7/dist-packages/apscheduler/executors/base.py", line 108, in run_job
    retval = job.func(*job.args, **job.kwargs)
  File "./fuckyou.py", line 48, in give_a_fuck
    twitter.update_status(reply, tweet_id)
  File "/usr/local/lib/python2.7/dist-packages/tweepy/binder.py", line 235, in _call
    return method.execute()
  File "/usr/local/lib/python2.7/dist-packages/tweepy/binder.py", line 219, in execute
    raise TweepError(error_msg, resp)
TweepError: [{u'message': u'Status is a duplicate.', u'code': 187}]
WARNING:apscheduler.scheduler:Execution of job "give_a_fuck (trigger: interval[0:00:30], next run at: 2015-01-25 17:14:02 IST)" skipped: maximum number of running instances reached (1)
WARNING:apscheduler.scheduler:Execution of job "give_a_fuck (trigger: interval[0:00:30], next run at: 2015-01-25 17:14:32 IST)" skipped: maximum number of running instances reached (1)
WARNING:apscheduler.scheduler:Execution of job "give_a_fuck (trigger: interval[0:00:30], next run at: 2015-01-25 17:15:02 IST)" skipped: maximum number of running instances reached (1)
WARNING:apscheduler.scheduler:Execution of job "give_a_fuck (trigger: interval[0:00:30], next run at: 2015-01-25 17:15:32 IST)" skipped: maximum number of running instances reached (1)
WARNING:apscheduler.scheduler:Execution of job "give_a_fuck (trigger: interval[0:00:30], next run at: 2015-01-25 17:16:02 IST)" skipped: maximum number of running instances reached (1)
WARNING:apscheduler.scheduler:Execution of job "give_a_fuck (trigger: interval[0:00:30], next run at: 2015-01-25 17:16:32 IST)" skipped: maximum number of running instances reached (1)
WARNING:apscheduler.scheduler:Execution of job "give_a_fuck (trigger: interval[0:00:30], next run at: 2015-01-25 17:17:02 IST)" skipped: maximum number of running instances reached (1)
WARNING:apscheduler.scheduler:Execution of job "give_a_fuck (trigger: interval[0:00:30], next run at: 2015-01-25 17:17:32 IST)" skipped: maximum number of running instances reached (1)
WARNING:apscheduler.scheduler:Execution of job "give_a_fuck (trigger: interval[0:00:30], next run at: 2015-01-25 17:18:02 IST)" skipped: maximum number of running instances reached (1)
WARNING:apscheduler.scheduler:Execution of job "give_a_fuck (trigger: interval[0:00:30], next run at: 2015-01-25 17:18:32 IST)" skipped: maximum number of running instances reached (1)
WARNING:apscheduler.scheduler:Execution of job "give_a_fuck (trigger: interval[0:00:30], next run at: 2015-01-25 17:19:02 IST)" skipped: maximum number of running instances reached (1)
WARNING:apscheduler.scheduler:Execution of job "give_a_fuck (trigger: interval[0:00:30], next run at: 2015-01-25 17:19:32 IST)" skipped: maximum number of running instances reached (1)
WARNING:apscheduler.scheduler:Execution of job "give_a_fuck (trigger: interval[0:00:30], next run at: 2015-01-25 17:20:02 IST)" skipped: maximum number of running instances reached (1)
WARNING:apscheduler.scheduler:Execution of job "give_a_fuck (trigger: interval[0:00:30], next run at: 2015-01-25 17:20:32 IST)" skipped: maximum number of running instances reached (1)
WARNING:apscheduler.scheduler:Execution of job "give_a_fuck (trigger: interval[0:00:30], next run at: 2015-01-25 17:21:02 IST)" skipped: maximum number of running instances reached (1)
WARNING:apscheduler.scheduler:Execution of job "give_a_fuck (trigger: interval[0:00:30], next run at: 2015-01-25 17:21:32 IST)" skipped: maximum number of running instances reached (1)
WARNING:apscheduler.scheduler:Execution of job "give_a_fuck (trigger: interval[0:00:30], next run at: 2015-01-25 17:22:02 IST)" skipped: maximum number of running instances reached (1)
WARNING:apscheduler.scheduler:Execution of job "give_a_fuck (trigger: interval[0:00:30], next run at: 2015-01-25 17:22:32 IST)" skipped: maximum number of running instances reached (1)
WARNING:apscheduler.scheduler:Execution of job "give_a_fuck (trigger: interval[0:00:30], next run at: 2015-01-25 17:23:02 IST)" skipped: maximum number of running instances reached (1)
WARNING:apscheduler.scheduler:Execution of job "give_a_fuck (trigger: interval[0:00:30], next run at: 2015-01-25 17:23:32 IST)" skipped: maximum number of running instances reached (1)
WARNING:apscheduler.scheduler:Execution of job "give_a_fuck (trigger: interval[0:00:30], next run at: 2015-01-25 17:24:02 IST)" skipped: maximum number of running instances reached (1)
WARNING:apscheduler.scheduler:Execution of job "give_a_fuck (trigger: interval[0:00:30], next run at: 2015-01-25 17:24:32 IST)" skipped: maximum number of running instances reached (1)
ERROR:apscheduler.executors.default:Job "give_a_fuck (trigger: interval[0:00:30], next run at: 2015-01-25 17:25:02 IST)" raised an exception
Traceback (most recent call last):
  File "/usr/local/lib/python2.7/dist-packages/apscheduler/executors/base.py", line 108, in run_job
    retval = job.func(*job.args, **job.kwargs)
  File "./fuckyou.py", line 48, in give_a_fuck
    twitter.update_status(reply, tweet_id)
  File "/usr/local/lib/python2.7/dist-packages/tweepy/binder.py", line 235, in _call
    return method.execute()
  File "/usr/local/lib/python2.7/dist-packages/tweepy/binder.py", line 219, in execute
    raise TweepError(error_msg, resp)
TweepError: [{u'message': u'Status is a duplicate.', u'code': 187}]
WARNING:apscheduler.scheduler:Execution of job "give_a_fuck (trigger: interval[0:00:30], next run at: 2015-01-25 17:29:02 IST)" skipped: maximum number of running instances reached (1)
WARNING:apscheduler.scheduler:Execution of job "give_a_fuck (trigger: interval[0:00:30], next run at: 2015-01-25 17:29:32 IST)" skipped: maximum number of running instances reached (1)
WARNING:apscheduler.scheduler:Execution of job "give_a_fuck (trigger: interval[0:00:30], next run at: 2015-01-25 17:30:02 IST)" skipped: maximum number of running instances reached (1)
WARNING:apscheduler.scheduler:Execution of job "give_a_fuck (trigger: interval[0:00:30], next run at: 2015-01-25 17:30:32 IST)" skipped: maximum number of running instances reached (1)
WARNING:apscheduler.scheduler:Execution of job "give_a_fuck (trigger: interval[0:00:30], next run at: 2015-01-25 17:31:02 IST)" skipped: maximum number of running instances reached (1)
WARNING:apscheduler.scheduler:Execution of job "give_a_fuck (trigger: interval[0:00:30], next run at: 2015-01-25 17:31:32 IST)" skipped: maximum number of running instances reached (1)
WARNING:apscheduler.scheduler:Execution of job "give_a_fuck (trigger: interval[0:00:30], next run at: 2015-01-25 17:32:02 IST)" skipped: maximum number of running instances reached (1)
WARNING:apscheduler.scheduler:Execution of job "give_a_fuck (trigger: interval[0:00:30], next run at: 2015-01-25 17:32:32 IST)" skipped: maximum number of running instances reached (1)
WARNING:apscheduler.scheduler:Execution of job "give_a_fuck (trigger: interval[0:00:30], next run at: 2015-01-25 17:33:02 IST)" skipped: maximum number of running instances reached (1)
WARNING:apscheduler.scheduler:Execution of job "give_a_fuck (trigger: interval[0:00:30], next run at: 2015-01-25 17:33:32 IST)" skipped: maximum number of running instances reached (1)
WARNING:apscheduler.scheduler:Execution of job "give_a_fuck (trigger: interval[0:00:30], next run at: 2015-01-25 17:34:02 IST)" skipped: maximum number of running instances reached (1)
WARNING:apscheduler.scheduler:Execution of job "give_a_fuck (trigger: interval[0:00:30], next run at: 2015-01-25 17:34:32 IST)" skipped: maximum number of running instances reached (1)
WARNING:apscheduler.scheduler:Execution of job "give_a_fuck (trigger: interval[0:00:30], next run at: 2015-01-25 17:35:02 IST)" skipped: maximum number of running instances reached (1)
WARNING:apscheduler.scheduler:Execution of job "give_a_fuck (trigger: interval[0:00:30], next run at: 2015-01-25 17:35:32 IST)" skipped: maximum number of running instances reached (1)
WARNING:apscheduler.scheduler:Execution of job "give_a_fuck (trigger: interval[0:00:30], next run at: 2015-01-25 17:36:02 IST)" skipped: maximum number of running instances reached (1)
WARNING:apscheduler.scheduler:Execution of job "give_a_fuck (trigger: interval[0:00:30], next run at: 2015-01-25 17:36:32 IST)" skipped: maximum number of running instances reached (1)
WARNING:apscheduler.scheduler:Execution of job "give_a_fuck (trigger: interval[0:00:30], next run at: 2015-01-25 17:37:02 IST)" skipped: maximum number of running instances reached (1)
WARNING:apscheduler.scheduler:Execution of job "give_a_fuck (trigger: interval[0:00:30], next run at: 2015-01-25 17:37:32 IST)" skipped: maximum number of running instances reached (1)
WARNING:apscheduler.scheduler:Execution of job "give_a_fuck (trigger: interval[0:00:30], next run at: 2015-01-25 17:38:02 IST)" skipped: maximum number of running instances reached (1)
WARNING:apscheduler.scheduler:Execution of job "give_a_fuck (trigger: interval[0:00:30], next run at: 2015-01-25 17:38:32 IST)" skipped: maximum number of running instances reached (1)
WARNING:apscheduler.scheduler:Execution of job "give_a_fuck (trigger: interval[0:00:30], next run at: 2015-01-25 17:39:02 IST)" skipped: maximum number of running instances reached (1)
WARNING:apscheduler.scheduler:Execution of job "give_a_fuck (trigger: interval[0:00:30], next run at: 2015-01-25 17:39:32 IST)" skipped: maximum number of running instances reached (1)
WARNING:apscheduler.scheduler:Execution of job "give_a_fuck (trigger: interval[0:00:30], next run at: 2015-01-25 17:40:02 IST)" skipped: maximum number of running instances reached (1)
WARNING:apscheduler.scheduler:Execution of job "give_a_fuck (trigger: interval[0:00:30], next run at: 2015-01-25 17:40:32 IST)" skipped: maximum number of running instances reached (1)
ERROR:apscheduler.executors.default:Job "give_a_fuck (trigger: interval[0:00:30], next run at: 2015-01-25 17:41:02 IST)" raised an exception
Traceback (most recent call last):
  File "/usr/local/lib/python2.7/dist-packages/apscheduler/executors/base.py", line 108, in run_job
    retval = job.func(*job.args, **job.kwargs)
  File "./fuckyou.py", line 30, in give_a_fuck
    for mention in tweepy.Cursor(twitter.mentions_timeline).items():
  File "/usr/local/lib/python2.7/dist-packages/tweepy/cursor.py", line 197, in next
    self.current_page = self.page_iterator.next()
  File "/usr/local/lib/python2.7/dist-packages/tweepy/cursor.py", line 108, in next
    data = self.method(max_id=self.max_id, parser=RawParser(), *self.args, **self.kargs)
  File "/usr/local/lib/python2.7/dist-packages/tweepy/binder.py", line 235, in _call
    return method.execute()
  File "/usr/local/lib/python2.7/dist-packages/tweepy/binder.py", line 185, in execute
    raise TweepError('Failed to send request: %s' % e)
TweepError: Failed to send request: HTTPSConnectionPool(host='api.twitter.com', port=443): Read timed out.
WARNING:apscheduler.scheduler:Execution of job "give_a_fuck (trigger: interval[0:00:30], next run at: 2015-01-25 17:41:32 IST)" skipped: maximum number of running instances reached (1)
WARNING:apscheduler.scheduler:Execution of job "give_a_fuck (trigger: interval[0:00:30], next run at: 2015-01-25 17:42:02 IST)" skipped: maximum number of running instances reached (1)
WARNING:apscheduler.scheduler:Execution of job "give_a_fuck (trigger: interval[0:00:30], next run at: 2015-01-25 17:42:32 IST)" skipped: maximum number of running instances reached (1)
WARNING:apscheduler.scheduler:Execution of job "give_a_fuck (trigger: interval[0:00:30], next run at: 2015-01-25 17:43:02 IST)" skipped: maximum number of running instances reached (1)
ERROR:apscheduler.executors.default:Job "give_a_fuck (trigger: interval[0:00:30], next run at: 2015-01-25 17:43:32 IST)" raised an exception
Traceback (most recent call last):
  File "/usr/local/lib/python2.7/dist-packages/apscheduler/executors/base.py", line 108, in run_job
    retval = job.func(*job.args, **job.kwargs)
  File "./fuckyou.py", line 30, in give_a_fuck
    for mention in tweepy.Cursor(twitter.mentions_timeline).items():
  File "/usr/local/lib/python2.7/dist-packages/tweepy/cursor.py", line 197, in next
    self.current_page = self.page_iterator.next()
  File "/usr/local/lib/python2.7/dist-packages/tweepy/cursor.py", line 108, in next
    data = self.method(max_id=self.max_id, parser=RawParser(), *self.args, **self.kargs)
  File "/usr/local/lib/python2.7/dist-packages/tweepy/binder.py", line 235, in _call
    return method.execute()
  File "/usr/local/lib/python2.7/dist-packages/tweepy/binder.py", line 185, in execute
    raise TweepError('Failed to send request: %s' % e)
TweepError: Failed to send request: HTTPSConnectionPool(host='api.twitter.com', port=443): Max retries exceeded with url: /1.1/statuses/mentions_timeline.json (Caused by <class 'socket.error'>: [Errno 101] Network is unreachable)
ERROR:apscheduler.executors.default:Job "give_a_fuck (trigger: interval[0:00:30], next run at: 2015-01-25 17:44:02 IST)" raised an exception
Traceback (most recent call last):
  File "/usr/local/lib/python2.7/dist-packages/apscheduler/executors/base.py", line 108, in run_job
    retval = job.func(*job.args, **job.kwargs)
  File "./fuckyou.py", line 30, in give_a_fuck
    for mention in tweepy.Cursor(twitter.mentions_timeline).items():
  File "/usr/local/lib/python2.7/dist-packages/tweepy/cursor.py", line 197, in next
    self.current_page = self.page_iterator.next()
  File "/usr/local/lib/python2.7/dist-packages/tweepy/cursor.py", line 108, in next
    data = self.method(max_id=self.max_id, parser=RawParser(), *self.args, **self.kargs)
  File "/usr/local/lib/python2.7/dist-packages/tweepy/binder.py", line 235, in _call
    return method.execute()
  File "/usr/local/lib/python2.7/dist-packages/tweepy/binder.py", line 185, in execute
    raise TweepError('Failed to send request: %s' % e)
TweepError: Failed to send request: HTTPSConnectionPool(host='api.twitter.com', port=443): Max retries exceeded with url: /1.1/statuses/mentions_timeline.json (Caused by <class 'socket.gaierror'>: [Errno -2] Name or service not known)
ERROR:apscheduler.executors.default:Job "give_a_fuck (trigger: interval[0:00:30], next run at: 2015-01-25 17:44:32 IST)" raised an exception
Traceback (most recent call last):
  File "/usr/local/lib/python2.7/dist-packages/apscheduler/executors/base.py", line 108, in run_job
    retval = job.func(*job.args, **job.kwargs)
  File "./fuckyou.py", line 30, in give_a_fuck
    for mention in tweepy.Cursor(twitter.mentions_timeline).items():
  File "/usr/local/lib/python2.7/dist-packages/tweepy/cursor.py", line 197, in next
    self.current_page = self.page_iterator.next()
  File "/usr/local/lib/python2.7/dist-packages/tweepy/cursor.py", line 108, in next
    data = self.method(max_id=self.max_id, parser=RawParser(), *self.args, **self.kargs)
  File "/usr/local/lib/python2.7/dist-packages/tweepy/binder.py", line 235, in _call
    return method.execute()
  File "/usr/local/lib/python2.7/dist-packages/tweepy/binder.py", line 185, in execute
    raise TweepError('Failed to send request: %s' % e)
TweepError: Failed to send request: HTTPSConnectionPool(host='api.twitter.com', port=443): Max retries exceeded with url: /1.1/statuses/mentions_timeline.json (Caused by <class 'socket.gaierror'>: [Errno -2] Name or service not known)
WARNING:apscheduler.scheduler:Execution of job "give_a_fuck (trigger: interval[0:00:30], next run at: 2015-01-25 17:45:02 IST)" skipped: maximum number of running instances reached (1)
WARNING:apscheduler.scheduler:Execution of job "give_a_fuck (trigger: interval[0:00:30], next run at: 2015-01-25 17:45:32 IST)" skipped: maximum number of running instances reached (1)
WARNING:apscheduler.scheduler:Execution of job "give_a_fuck (trigger: interval[0:00:30], next run at: 2015-01-25 17:46:02 IST)" skipped: maximum number of running instances reached (1)
WARNING:apscheduler.scheduler:Execution of job "give_a_fuck (trigger: interval[0:00:30], next run at: 2015-01-25 17:46:32 IST)" skipped: maximum number of running instances reached (1)
WARNING:apscheduler.scheduler:Execution of job "give_a_fuck (trigger: interval[0:00:30], next run at: 2015-01-25 17:47:02 IST)" skipped: maximum number of running instances reached (1)
WARNING:apscheduler.scheduler:Execution of job "give_a_fuck (trigger: interval[0:00:30], next run at: 2015-01-25 17:47:32 IST)" skipped: maximum number of running instances reached (1)
WARNING:apscheduler.scheduler:Execution of job "give_a_fuck (trigger: interval[0:00:30], next run at: 2015-01-25 17:48:02 IST)" skipped: maximum number of running instances reached (1)
WARNING:apscheduler.scheduler:Execution of job "give_a_fuck (trigger: interval[0:00:30], next run at: 2015-01-25 17:48:32 IST)" skipped: maximum number of running instances reached (1)
ERROR:apscheduler.executors.default:Job "give_a_fuck (trigger: interval[0:00:30], next run at: 2015-01-25 17:49:02 IST)" raised an exception
Traceback (most recent call last):
  File "/usr/local/lib/python2.7/dist-packages/apscheduler/executors/base.py", line 108, in run_job
    retval = job.func(*job.args, **job.kwargs)
  File "./fuckyou.py", line 30, in give_a_fuck
    for mention in tweepy.Cursor(twitter.mentions_timeline).items():
  File "/usr/local/lib/python2.7/dist-packages/tweepy/cursor.py", line 197, in next
    self.current_page = self.page_iterator.next()
  File "/usr/local/lib/python2.7/dist-packages/tweepy/cursor.py", line 108, in next
    data = self.method(max_id=self.max_id, parser=RawParser(), *self.args, **self.kargs)
  File "/usr/local/lib/python2.7/dist-packages/tweepy/binder.py", line 235, in _call
    return method.execute()
  File "/usr/local/lib/python2.7/dist-packages/tweepy/binder.py", line 185, in execute
    raise TweepError('Failed to send request: %s' % e)
TweepError: Failed to send request: HTTPSConnectionPool(host='api.twitter.com', port=443): Max retries exceeded with url: /1.1/statuses/mentions_timeline.json (Caused by <class 'socket.error'>: [Errno 101] Network is unreachable)
WARNING:apscheduler.scheduler:Execution of job "give_a_fuck (trigger: interval[0:00:30], next run at: 2015-01-25 17:53:02 IST)" skipped: maximum number of running instances reached (1)
WARNING:apscheduler.scheduler:Execution of job "give_a_fuck (trigger: interval[0:00:30], next run at: 2015-01-25 17:53:32 IST)" skipped: maximum number of running instances reached (1)
WARNING:apscheduler.scheduler:Execution of job "give_a_fuck (trigger: interval[0:00:30], next run at: 2015-01-25 17:54:02 IST)" skipped: maximum number of running instances reached (1)
WARNING:apscheduler.scheduler:Execution of job "give_a_fuck (trigger: interval[0:00:30], next run at: 2015-01-25 17:54:32 IST)" skipped: maximum number of running instances reached (1)
WARNING:apscheduler.scheduler:Execution of job "give_a_fuck (trigger: interval[0:00:30], next run at: 2015-01-25 17:55:02 IST)" skipped: maximum number of running instances reached (1)
WARNING:apscheduler.scheduler:Execution of job "give_a_fuck (trigger: interval[0:00:30], next run at: 2015-01-25 17:55:32 IST)" skipped: maximum number of running instances reached (1)
WARNING:apscheduler.scheduler:Execution of job "give_a_fuck (trigger: interval[0:00:30], next run at: 2015-01-25 17:56:02 IST)" skipped: maximum number of running instances reached (1)
WARNING:apscheduler.scheduler:Execution of job "give_a_fuck (trigger: interval[0:00:30], next run at: 2015-01-25 17:56:32 IST)" skipped: maximum number of running instances reached (1)
WARNING:apscheduler.scheduler:Execution of job "give_a_fuck (trigger: interval[0:00:30], next run at: 2015-01-25 17:57:02 IST)" skipped: maximum number of running instances reached (1)
WARNING:apscheduler.scheduler:Execution of job "give_a_fuck (trigger: interval[0:00:30], next run at: 2015-01-25 17:57:32 IST)" skipped: maximum number of running instances reached (1)
WARNING:apscheduler.scheduler:Execution of job "give_a_fuck (trigger: interval[0:00:30], next run at: 2015-01-25 17:58:02 IST)" skipped: maximum number of running instances reached (1)
WARNING:apscheduler.scheduler:Execution of job "give_a_fuck (trigger: interval[0:00:30], next run at: 2015-01-25 17:58:32 IST)" skipped: maximum number of running instances reached (1)
WARNING:apscheduler.scheduler:Execution of job "give_a_fuck (trigger: interval[0:00:30], next run at: 2015-01-25 17:59:02 IST)" skipped: maximum number of running instances reached (1)
WARNING:apscheduler.scheduler:Execution of job "give_a_fuck (trigger: interval[0:00:30], next run at: 2015-01-25 17:59:32 IST)" skipped: maximum number of running instances reached (1)
WARNING:apscheduler.scheduler:Execution of job "give_a_fuck (trigger: interval[0:00:30], next run at: 2015-01-25 18:00:02 IST)" skipped: maximum number of running instances reached (1)
WARNING:apscheduler.scheduler:Execution of job "give_a_fuck (trigger: interval[0:00:30], next run at: 2015-01-25 18:00:32 IST)" skipped: maximum number of running instances reached (1)
WARNING:apscheduler.scheduler:Execution of job "give_a_fuck (trigger: interval[0:00:30], next run at: 2015-01-25 18:01:02 IST)" skipped: maximum number of running instances reached (1)
WARNING:apscheduler.scheduler:Execution of job "give_a_fuck (trigger: interval[0:00:30], next run at: 2015-01-25 18:01:32 IST)" skipped: maximum number of running instances reached (1)
WARNING:apscheduler.scheduler:Execution of job "give_a_fuck (trigger: interval[0:00:30], next run at: 2015-01-25 18:02:02 IST)" skipped: maximum number of running instances reached (1)
WARNING:apscheduler.scheduler:Execution of job "give_a_fuck (trigger: interval[0:00:30], next run at: 2015-01-25 18:02:32 IST)" skipped: maximum number of running instances reached (1)
WARNING:apscheduler.scheduler:Execution of job "give_a_fuck (trigger: interval[0:00:30], next run at: 2015-01-25 18:03:02 IST)" skipped: maximum number of running instances reached (1)
WARNING:apscheduler.scheduler:Execution of job "give_a_fuck (trigger: interval[0:00:30], next run at: 2015-01-25 18:03:32 IST)" skipped: maximum number of running instances reached (1)
WARNING:apscheduler.scheduler:Execution of job "give_a_fuck (trigger: interval[0:00:30], next run at: 2015-01-25 18:04:02 IST)" skipped: maximum number of running instances reached (1)
ERROR:apscheduler.executors.default:Job "no_fucks_given (trigger: interval[0:02:00], next run at: 2015-01-25 18:16:08 IST)" raised an exception
Traceback (most recent call last):
  File "/usr/local/lib/python2.7/dist-packages/apscheduler/executors/base.py", line 108, in run_job
    retval = job.func(*job.args, **job.kwargs)
  File "./fuckyou.py", line 25, in no_fucks_given
    for mention in reversed(tweepy.Cursor(twitter.mentions_timeline).items()):
TypeError: argument to reversed() must be a sequence
ERROR:apscheduler.executors.default:Job "no_fucks_given (trigger: interval[0:02:00], next run at: 2015-01-25 18:26:23 IST)" raised an exception
Traceback (most recent call last):
  File "/usr/local/lib/python2.7/dist-packages/apscheduler/executors/base.py", line 108, in run_job
    retval = job.func(*job.args, **job.kwargs)
  File "./fuckyou.py", line 44, in no_fucks_given
    twitter.update_status(reply, tweet_id)
  File "/usr/local/lib/python2.7/dist-packages/tweepy/binder.py", line 235, in _call
    return method.execute()
  File "/usr/local/lib/python2.7/dist-packages/tweepy/binder.py", line 219, in execute
    raise TweepError(error_msg, resp)
TweepError: [{u'message': u'Status is a duplicate.', u'code': 187}]
ERROR:apscheduler.executors.default:Job "no_fucks_given (trigger: interval[0:00:10], next run at: 2015-01-25 18:34:27 IST)" raised an exception
Traceback (most recent call last):
  File "/usr/local/lib/python2.7/dist-packages/apscheduler/executors/base.py", line 108, in run_job
    retval = job.func(*job.args, **job.kwargs)
  File "./fuckyou.py", line 46, in no_fucks_given
    twitter.update_status(reply, tweet_id)
  File "/usr/local/lib/python2.7/dist-packages/tweepy/binder.py", line 235, in _call
    return method.execute()
  File "/usr/local/lib/python2.7/dist-packages/tweepy/binder.py", line 219, in execute
    raise TweepError(error_msg, resp)
TweepError: [{u'message': u'Status is a duplicate.', u'code': 187}]
ERROR:apscheduler.executors.default:Job "no_fucks_given (trigger: interval[0:00:10], next run at: 2015-01-25 18:34:37 IST)" raised an exception
Traceback (most recent call last):
  File "/usr/local/lib/python2.7/dist-packages/apscheduler/executors/base.py", line 108, in run_job
    retval = job.func(*job.args, **job.kwargs)
  File "./fuckyou.py", line 46, in no_fucks_given
    twitter.update_status(reply, tweet_id)
  File "/usr/local/lib/python2.7/dist-packages/tweepy/binder.py", line 235, in _call
    return method.execute()
  File "/usr/local/lib/python2.7/dist-packages/tweepy/binder.py", line 219, in execute
    raise TweepError(error_msg, resp)
TweepError: [{u'message': u'Status is a duplicate.', u'code': 187}]
ERROR:apscheduler.executors.default:Job "no_fucks_given (trigger: interval[0:00:10], next run at: 2015-01-25 18:34:47 IST)" raised an exception
Traceback (most recent call last):
  File "/usr/local/lib/python2.7/dist-packages/apscheduler/executors/base.py", line 108, in run_job
    retval = job.func(*job.args, **job.kwargs)
  File "./fuckyou.py", line 46, in no_fucks_given
    twitter.update_status(reply, tweet_id)
  File "/usr/local/lib/python2.7/dist-packages/tweepy/binder.py", line 235, in _call
    return method.execute()
  File "/usr/local/lib/python2.7/dist-packages/tweepy/binder.py", line 219, in execute
    raise TweepError(error_msg, resp)
TweepError: [{u'message': u'Status is a duplicate.', u'code': 187}]
ERROR:apscheduler.executors.default:Job "no_fucks_given (trigger: interval[0:00:10], next run at: 2015-01-25 18:34:57 IST)" raised an exception
Traceback (most recent call last):
  File "/usr/local/lib/python2.7/dist-packages/apscheduler/executors/base.py", line 108, in run_job
    retval = job.func(*job.args, **job.kwargs)
  File "./fuckyou.py", line 46, in no_fucks_given
    twitter.update_status(reply, tweet_id)
  File "/usr/local/lib/python2.7/dist-packages/tweepy/binder.py", line 235, in _call
    return method.execute()
  File "/usr/local/lib/python2.7/dist-packages/tweepy/binder.py", line 219, in execute
    raise TweepError(error_msg, resp)
TweepError: [{u'message': u'Status is a duplicate.', u'code': 187}]
WARNING:apscheduler.scheduler:Execution of job "no_fucks_given (trigger: interval[0:00:10], next run at: 2015-01-25 18:35:07 IST)" skipped: maximum number of running instances reached (1)
ERROR:apscheduler.executors.default:Job "no_fucks_given (trigger: interval[0:00:10], next run at: 2015-01-25 18:35:17 IST)" raised an exception
Traceback (most recent call last):
  File "/usr/local/lib/python2.7/dist-packages/apscheduler/executors/base.py", line 108, in run_job
    retval = job.func(*job.args, **job.kwargs)
  File "./fuckyou.py", line 46, in no_fucks_given
    twitter.update_status(reply, tweet_id)
  File "/usr/local/lib/python2.7/dist-packages/tweepy/binder.py", line 235, in _call
    return method.execute()
  File "/usr/local/lib/python2.7/dist-packages/tweepy/binder.py", line 219, in execute
    raise TweepError(error_msg, resp)
TweepError: [{u'message': u'Status is a duplicate.', u'code': 187}]
WARNING:apscheduler.scheduler:Execution of job "no_fucks_given (trigger: interval[0:00:10], next run at: 2015-01-25 18:35:27 IST)" skipped: maximum number of running instances reached (1)
WARNING:apscheduler.scheduler:Execution of job "no_fucks_given (trigger: interval[0:00:10], next run at: 2015-01-25 18:35:37 IST)" skipped: maximum number of running instances reached (1)
WARNING:apscheduler.scheduler:Execution of job "no_fucks_given (trigger: interval[0:00:10], next run at: 2015-01-25 18:35:47 IST)" skipped: maximum number of running instances reached (1)
ERROR:apscheduler.executors.default:Job "no_fucks_given (trigger: interval[0:00:10], next run at: 2015-01-25 18:35:57 IST)" raised an exception
Traceback (most recent call last):
  File "/usr/local/lib/python2.7/dist-packages/apscheduler/executors/base.py", line 108, in run_job
    retval = job.func(*job.args, **job.kwargs)
  File "./fuckyou.py", line 46, in no_fucks_given
    twitter.update_status(reply, tweet_id)
  File "/usr/local/lib/python2.7/dist-packages/tweepy/binder.py", line 235, in _call
    return method.execute()
  File "/usr/local/lib/python2.7/dist-packages/tweepy/binder.py", line 219, in execute
    raise TweepError(error_msg, resp)
TweepError: [{u'message': u'Status is a duplicate.', u'code': 187}]
ERROR:apscheduler.executors.default:Job "no_fucks_given (trigger: interval[0:00:10], next run at: 2015-01-25 18:36:07 IST)" raised an exception
Traceback (most recent call last):
  File "/usr/local/lib/python2.7/dist-packages/apscheduler/executors/base.py", line 108, in run_job
    retval = job.func(*job.args, **job.kwargs)
  File "./fuckyou.py", line 46, in no_fucks_given
    twitter.update_status(reply, tweet_id)
  File "/usr/local/lib/python2.7/dist-packages/tweepy/binder.py", line 235, in _call
    return method.execute()
  File "/usr/local/lib/python2.7/dist-packages/tweepy/binder.py", line 219, in execute
    raise TweepError(error_msg, resp)
TweepError: [{u'message': u'Status is a duplicate.', u'code': 187}]
ERROR:apscheduler.executors.default:Job "no_fucks_given (trigger: interval[0:00:10], next run at: 2015-01-25 18:36:17 IST)" raised an exception
Traceback (most recent call last):
  File "/usr/local/lib/python2.7/dist-packages/apscheduler/executors/base.py", line 108, in run_job
    retval = job.func(*job.args, **job.kwargs)
  File "./fuckyou.py", line 46, in no_fucks_given
    twitter.update_status(reply, tweet_id)
  File "/usr/local/lib/python2.7/dist-packages/tweepy/binder.py", line 235, in _call
    return method.execute()
  File "/usr/local/lib/python2.7/dist-packages/tweepy/binder.py", line 219, in execute
    raise TweepError(error_msg, resp)
TweepError: [{u'message': u'Status is a duplicate.', u'code': 187}]
ERROR:apscheduler.executors.default:Job "no_fucks_given (trigger: interval[0:00:10], next run at: 2015-01-25 18:36:27 IST)" raised an exception
Traceback (most recent call last):
  File "/usr/local/lib/python2.7/dist-packages/apscheduler/executors/base.py", line 108, in run_job
    retval = job.func(*job.args, **job.kwargs)
  File "./fuckyou.py", line 46, in no_fucks_given
    twitter.update_status(reply, tweet_id)
  File "/usr/local/lib/python2.7/dist-packages/tweepy/binder.py", line 235, in _call
    return method.execute()
  File "/usr/local/lib/python2.7/dist-packages/tweepy/binder.py", line 219, in execute
    raise TweepError(error_msg, resp)
TweepError: [{u'message': u'Status is a duplicate.', u'code': 187}]
ERROR:apscheduler.executors.default:Job "no_fucks_given (trigger: interval[0:00:10], next run at: 2015-01-25 18:36:37 IST)" raised an exception
Traceback (most recent call last):
  File "/usr/local/lib/python2.7/dist-packages/apscheduler/executors/base.py", line 108, in run_job
    retval = job.func(*job.args, **job.kwargs)
  File "./fuckyou.py", line 46, in no_fucks_given
    twitter.update_status(reply, tweet_id)
  File "/usr/local/lib/python2.7/dist-packages/tweepy/binder.py", line 235, in _call
    return method.execute()
  File "/usr/local/lib/python2.7/dist-packages/tweepy/binder.py", line 219, in execute
    raise TweepError(error_msg, resp)
TweepError: [{u'message': u'Status is a duplicate.', u'code': 187}]
ERROR:apscheduler.executors.default:Job "no_fucks_given (trigger: interval[0:00:10], next run at: 2015-01-25 18:36:47 IST)" raised an exception
Traceback (most recent call last):
  File "/usr/local/lib/python2.7/dist-packages/apscheduler/executors/base.py", line 108, in run_job
    retval = job.func(*job.args, **job.kwargs)
  File "./fuckyou.py", line 46, in no_fucks_given
    twitter.update_status(reply, tweet_id)
  File "/usr/local/lib/python2.7/dist-packages/tweepy/binder.py", line 235, in _call
    return method.execute()
  File "/usr/local/lib/python2.7/dist-packages/tweepy/binder.py", line 219, in execute
    raise TweepError(error_msg, resp)
TweepError: [{u'message': u'Status is a duplicate.', u'code': 187}]
ERROR:apscheduler.executors.default:Job "no_fucks_given (trigger: interval[0:00:10], next run at: 2015-01-25 18:36:57 IST)" raised an exception
Traceback (most recent call last):
  File "/usr/local/lib/python2.7/dist-packages/apscheduler/executors/base.py", line 108, in run_job
    retval = job.func(*job.args, **job.kwargs)
  File "./fuckyou.py", line 46, in no_fucks_given
    twitter.update_status(reply, tweet_id)
  File "/usr/local/lib/python2.7/dist-packages/tweepy/binder.py", line 235, in _call
    return method.execute()
  File "/usr/local/lib/python2.7/dist-packages/tweepy/binder.py", line 219, in execute
    raise TweepError(error_msg, resp)
TweepError: [{u'message': u'Status is a duplicate.', u'code': 187}]
WARNING:apscheduler.scheduler:Execution of job "no_fucks_given (trigger: interval[0:00:10], next run at: 2015-01-25 18:37:07 IST)" skipped: maximum number of running instances reached (1)
ERROR:apscheduler.executors.default:Job "no_fucks_given (trigger: interval[0:00:10], next run at: 2015-01-25 18:37:17 IST)" raised an exception
Traceback (most recent call last):
  File "/usr/local/lib/python2.7/dist-packages/apscheduler/executors/base.py", line 108, in run_job
    retval = job.func(*job.args, **job.kwargs)
  File "./fuckyou.py", line 46, in no_fucks_given
    twitter.update_status(reply, tweet_id)
  File "/usr/local/lib/python2.7/dist-packages/tweepy/binder.py", line 235, in _call
    return method.execute()
  File "/usr/local/lib/python2.7/dist-packages/tweepy/binder.py", line 219, in execute
    raise TweepError(error_msg, resp)
TweepError: [{u'message': u'Status is a duplicate.', u'code': 187}]
ERROR:apscheduler.executors.default:Job "no_fucks_given (trigger: interval[0:00:10], next run at: 2015-01-25 18:37:27 IST)" raised an exception
Traceback (most recent call last):
  File "/usr/local/lib/python2.7/dist-packages/apscheduler/executors/base.py", line 108, in run_job
    retval = job.func(*job.args, **job.kwargs)
  File "./fuckyou.py", line 46, in no_fucks_given
    twitter.update_status(reply, tweet_id)
  File "/usr/local/lib/python2.7/dist-packages/tweepy/binder.py", line 235, in _call
    return method.execute()
  File "/usr/local/lib/python2.7/dist-packages/tweepy/binder.py", line 219, in execute
    raise TweepError(error_msg, resp)
TweepError: [{u'message': u'Status is a duplicate.', u'code': 187}]
WARNING:apscheduler.scheduler:Execution of job "no_fucks_given (trigger: interval[0:00:10], next run at: 2015-01-25 18:37:37 IST)" skipped: maximum number of running instances reached (1)
WARNING:apscheduler.scheduler:Execution of job "no_fucks_given (trigger: interval[0:00:10], next run at: 2015-01-25 18:37:47 IST)" skipped: maximum number of running instances reached (1)
WARNING:apscheduler.scheduler:Execution of job "no_fucks_given (trigger: interval[0:00:10], next run at: 2015-01-25 18:37:57 IST)" skipped: maximum number of running instances reached (1)
WARNING:apscheduler.scheduler:Execution of job "no_fucks_given (trigger: interval[0:00:10], next run at: 2015-01-25 18:38:07 IST)" skipped: maximum number of running instances reached (1)
WARNING:apscheduler.scheduler:Execution of job "no_fucks_given (trigger: interval[0:00:10], next run at: 2015-01-25 18:38:17 IST)" skipped: maximum number of running instances reached (1)
WARNING:apscheduler.scheduler:Execution of job "no_fucks_given (trigger: interval[0:00:10], next run at: 2015-01-25 18:38:27 IST)" skipped: maximum number of running instances reached (1)
WARNING:apscheduler.scheduler:Execution of job "no_fucks_given (trigger: interval[0:00:10], next run at: 2015-01-25 18:38:37 IST)" skipped: maximum number of running instances reached (1)
WARNING:apscheduler.scheduler:Execution of job "no_fucks_given (trigger: interval[0:00:10], next run at: 2015-01-25 18:49:29 IST)" skipped: maximum number of running instances reached (1)
WARNING:apscheduler.scheduler:Execution of job "no_fucks_given (trigger: interval[0:00:10], next run at: 2015-01-25 18:49:39 IST)" skipped: maximum number of running instances reached (1)
WARNING:apscheduler.scheduler:Execution of job "no_fucks_given (trigger: interval[0:00:10], next run at: 2015-01-25 18:49:49 IST)" skipped: maximum number of running instances reached (1)
WARNING:apscheduler.scheduler:Execution of job "no_fucks_given (trigger: interval[0:00:10], next run at: 2015-01-25 18:49:59 IST)" skipped: maximum number of running instances reached (1)
WARNING:apscheduler.scheduler:Execution of job "no_fucks_given (trigger: interval[0:00:10], next run at: 2015-01-25 18:54:02 IST)" skipped: maximum number of running instances reached (1)
WARNING:apscheduler.scheduler:Execution of job "no_fucks_given (trigger: interval[0:00:10], next run at: 2015-01-25 18:54:12 IST)" skipped: maximum number of running instances reached (1)
WARNING:apscheduler.scheduler:Execution of job "no_fucks_given (trigger: interval[0:00:10], next run at: 2015-01-25 18:54:22 IST)" skipped: maximum number of running instances reached (1)
WARNING:apscheduler.scheduler:Execution of job "no_fucks_given (trigger: interval[0:00:10], next run at: 2015-01-25 18:54:32 IST)" skipped: maximum number of running instances reached (1)
WARNING:apscheduler.scheduler:Execution of job "no_fucks_given (trigger: interval[0:00:10], next run at: 2015-01-25 18:54:42 IST)" skipped: maximum number of running instances reached (1)
WARNING:apscheduler.scheduler:Execution of job "no_fucks_given (trigger: interval[0:00:10], next run at: 2015-01-25 18:54:52 IST)" skipped: maximum number of running instances reached (1)
WARNING:apscheduler.scheduler:Execution of job "no_fucks_given (trigger: interval[0:00:10], next run at: 2015-01-25 18:55:02 IST)" skipped: maximum number of running instances reached (1)
WARNING:apscheduler.scheduler:Execution of job "no_fucks_given (trigger: interval[0:00:10], next run at: 2015-01-25 18:55:12 IST)" skipped: maximum number of running instances reached (1)
WARNING:apscheduler.scheduler:Execution of job "no_fucks_given (trigger: interval[0:00:10], next run at: 2015-01-25 18:55:22 IST)" skipped: maximum number of running instances reached (1)
WARNING:apscheduler.scheduler:Execution of job "no_fucks_given (trigger: interval[0:00:10], next run at: 2015-01-25 18:56:48 IST)" skipped: maximum number of running instances reached (1)
WARNING:apscheduler.scheduler:Execution of job "no_fucks_given (trigger: interval[0:00:10], next run at: 2015-01-25 18:56:58 IST)" skipped: maximum number of running instances reached (1)
WARNING:apscheduler.scheduler:Execution of job "no_fucks_given (trigger: interval[0:00:10], next run at: 2015-01-25 18:57:08 IST)" skipped: maximum number of running instances reached (1)
WARNING:apscheduler.scheduler:Execution of job "no_fucks_given (trigger: interval[0:00:10], next run at: 2015-01-25 18:59:25 IST)" skipped: maximum number of running instances reached (1)
WARNING:apscheduler.scheduler:Execution of job "no_fucks_given (trigger: interval[0:00:10], next run at: 2015-01-25 18:59:35 IST)" skipped: maximum number of running instances reached (1)
WARNING:apscheduler.scheduler:Execution of job "no_fucks_given (trigger: interval[0:00:10], next run at: 2015-01-25 18:59:45 IST)" skipped: maximum number of running instances reached (1)
WARNING:apscheduler.scheduler:Execution of job "no_fucks_given (trigger: interval[0:00:10], next run at: 2015-01-25 18:59:55 IST)" skipped: maximum number of running instances reached (1)
WARNING:apscheduler.scheduler:Execution of job "no_fucks_given (trigger: interval[0:00:10], next run at: 2015-01-25 19:00:05 IST)" skipped: maximum number of running instances reached (1)
WARNING:apscheduler.scheduler:Execution of job "no_fucks_given (trigger: interval[0:00:10], next run at: 2015-01-25 19:00:15 IST)" skipped: maximum number of running instances reached (1)
WARNING:apscheduler.scheduler:Execution of job "no_fucks_given (trigger: interval[0:00:10], next run at: 2015-01-25 19:00:25 IST)" skipped: maximum number of running instances reached (1)
WARNING:apscheduler.scheduler:Execution of job "no_fucks_given (trigger: interval[0:00:10], next run at: 2015-01-25 19:00:35 IST)" skipped: maximum number of running instances reached (1)
WARNING:apscheduler.scheduler:Execution of job "no_fucks_given (trigger: interval[0:00:10], next run at: 2015-01-25 19:00:45 IST)" skipped: maximum number of running instances reached (1)
WARNING:apscheduler.scheduler:Execution of job "no_fucks_given (trigger: interval[0:00:10], next run at: 2015-01-25 19:00:55 IST)" skipped: maximum number of running instances reached (1)
WARNING:apscheduler.scheduler:Execution of job "no_fucks_given (trigger: interval[0:00:10], next run at: 2015-01-25 19:01:05 IST)" skipped: maximum number of running instances reached (1)
WARNING:apscheduler.scheduler:Execution of job "no_fucks_given (trigger: interval[0:00:10], next run at: 2015-01-25 19:01:15 IST)" skipped: maximum number of running instances reached (1)
WARNING:apscheduler.scheduler:Execution of job "no_fucks_given (trigger: interval[0:00:10], next run at: 2015-01-25 19:01:25 IST)" skipped: maximum number of running instances reached (1)
WARNING:apscheduler.scheduler:Execution of job "no_fucks_given (trigger: interval[0:00:10], next run at: 2015-01-25 19:01:35 IST)" skipped: maximum number of running instances reached (1)
WARNING:apscheduler.scheduler:Execution of job "no_fucks_given (trigger: interval[0:00:10], next run at: 2015-01-25 19:01:45 IST)" skipped: maximum number of running instances reached (1)
WARNING:apscheduler.scheduler:Execution of job "no_fucks_given (trigger: interval[0:00:10], next run at: 2015-01-25 19:01:55 IST)" skipped: maximum number of running instances reached (1)
WARNING:apscheduler.scheduler:Execution of job "no_fucks_given (trigger: interval[0:00:10], next run at: 2015-01-25 19:02:05 IST)" skipped: maximum number of running instances reached (1)
WARNING:apscheduler.scheduler:Execution of job "no_fucks_given (trigger: interval[0:00:10], next run at: 2015-01-25 19:02:15 IST)" skipped: maximum number of running instances reached (1)
WARNING:apscheduler.scheduler:Execution of job "no_fucks_given (trigger: interval[0:00:10], next run at: 2015-01-25 19:02:25 IST)" skipped: maximum number of running instances reached (1)
WARNING:apscheduler.scheduler:Execution of job "no_fucks_given (trigger: interval[0:00:10], next run at: 2015-01-25 19:02:35 IST)" skipped: maximum number of running instances reached (1)
WARNING:apscheduler.scheduler:Execution of job "no_fucks_given (trigger: interval[0:00:10], next run at: 2015-01-25 19:02:45 IST)" skipped: maximum number of running instances reached (1)
WARNING:apscheduler.scheduler:Execution of job "no_fucks_given (trigger: interval[0:00:10], next run at: 2015-01-25 19:02:55 IST)" skipped: maximum number of running instances reached (1)
WARNING:apscheduler.scheduler:Execution of job "no_fucks_given (trigger: interval[0:00:10], next run at: 2015-01-25 19:03:05 IST)" skipped: maximum number of running instances reached (1)
WARNING:apscheduler.scheduler:Execution of job "no_fucks_given (trigger: interval[0:00:10], next run at: 2015-01-25 19:03:15 IST)" skipped: maximum number of running instances reached (1)
WARNING:apscheduler.scheduler:Execution of job "no_fucks_given (trigger: interval[0:00:10], next run at: 2015-01-25 19:03:25 IST)" skipped: maximum number of running instances reached (1)
WARNING:apscheduler.scheduler:Execution of job "no_fucks_given (trigger: interval[0:00:10], next run at: 2015-01-25 19:03:35 IST)" skipped: maximum number of running instances reached (1)
WARNING:apscheduler.scheduler:Execution of job "no_fucks_given (trigger: interval[0:00:10], next run at: 2015-01-25 19:03:45 IST)" skipped: maximum number of running instances reached (1)
WARNING:apscheduler.scheduler:Execution of job "no_fucks_given (trigger: interval[0:00:10], next run at: 2015-01-25 19:03:55 IST)" skipped: maximum number of running instances reached (1)
WARNING:apscheduler.scheduler:Execution of job "no_fucks_given (trigger: interval[0:00:10], next run at: 2015-01-25 19:04:05 IST)" skipped: maximum number of running instances reached (1)
WARNING:apscheduler.scheduler:Execution of job "no_fucks_given (trigger: interval[0:00:10], next run at: 2015-01-25 19:04:15 IST)" skipped: maximum number of running instances reached (1)
WARNING:apscheduler.scheduler:Execution of job "no_fucks_given (trigger: interval[0:00:10], next run at: 2015-01-25 19:04:25 IST)" skipped: maximum number of running instances reached (1)
WARNING:apscheduler.scheduler:Execution of job "no_fucks_given (trigger: interval[0:00:10], next run at: 2015-01-25 19:05:25 IST)" skipped: maximum number of running instances reached (1)
WARNING:apscheduler.scheduler:Execution of job "no_fucks_given (trigger: interval[0:00:10], next run at: 2015-01-25 19:05:35 IST)" skipped: maximum number of running instances reached (1)
WARNING:apscheduler.scheduler:Execution of job "no_fucks_given (trigger: interval[0:00:10], next run at: 2015-01-25 19:05:45 IST)" skipped: maximum number of running instances reached (1)
WARNING:apscheduler.scheduler:Execution of job "no_fucks_given (trigger: interval[0:00:10], next run at: 2015-01-25 19:05:55 IST)" skipped: maximum number of running instances reached (1)
WARNING:apscheduler.scheduler:Execution of job "no_fucks_given (trigger: interval[0:00:10], next run at: 2015-01-25 19:06:05 IST)" skipped: maximum number of running instances reached (1)
WARNING:apscheduler.scheduler:Execution of job "no_fucks_given (trigger: interval[0:00:10], next run at: 2015-01-25 19:06:15 IST)" skipped: maximum number of running instances reached (1)
WARNING:apscheduler.scheduler:Execution of job "no_fucks_given (trigger: interval[0:00:10], next run at: 2015-01-25 19:06:25 IST)" skipped: maximum number of running instances reached (1)
WARNING:apscheduler.scheduler:Execution of job "no_fucks_given (trigger: interval[0:00:10], next run at: 2015-01-25 19:06:35 IST)" skipped: maximum number of running instances reached (1)
WARNING:apscheduler.scheduler:Execution of job "no_fucks_given (trigger: interval[0:00:10], next run at: 2015-01-25 21:02:45 IST)" skipped: maximum number of running instances reached (1)
WARNING:apscheduler.scheduler:Execution of job "no_fucks_given (trigger: interval[0:00:10], next run at: 2015-01-25 21:03:45 IST)" skipped: maximum number of running instances reached (1)
WARNING:apscheduler.scheduler:Execution of job "no_fucks_given (trigger: interval[0:00:10], next run at: 2015-01-25 21:03:55 IST)" skipped: maximum number of running instances reached (1)
WARNING:apscheduler.scheduler:Execution of job "no_fucks_given (trigger: interval[0:00:10], next run at: 2015-01-25 21:04:05 IST)" skipped: maximum number of running instances reached (1)
WARNING:apscheduler.scheduler:Execution of job "no_fucks_given (trigger: interval[0:00:10], next run at: 2015-01-25 21:04:15 IST)" skipped: maximum number of running instances reached (1)
WARNING:apscheduler.scheduler:Execution of job "no_fucks_given (trigger: interval[0:00:10], next run at: 2015-01-25 21:04:25 IST)" skipped: maximum number of running instances reached (1)
WARNING:apscheduler.scheduler:Execution of job "no_fucks_given (trigger: interval[0:00:10], next run at: 2015-01-25 21:04:35 IST)" skipped: maximum number of running instances reached (1)
WARNING:apscheduler.scheduler:Execution of job "no_fucks_given (trigger: interval[0:00:10], next run at: 2015-01-25 21:04:45 IST)" skipped: maximum number of running instances reached (1)
WARNING:apscheduler.scheduler:Execution of job "no_fucks_given (trigger: interval[0:00:10], next run at: 2015-01-25 21:04:55 IST)" skipped: maximum number of running instances reached (1)
WARNING:apscheduler.scheduler:Execution of job "no_fucks_given (trigger: interval[0:00:10], next run at: 2015-01-25 21:05:05 IST)" skipped: maximum number of running instances reached (1)
WARNING:apscheduler.scheduler:Execution of job "no_fucks_given (trigger: interval[0:00:10], next run at: 2015-01-25 21:05:15 IST)" skipped: maximum number of running instances reached (1)
WARNING:apscheduler.scheduler:Execution of job "no_fucks_given (trigger: interval[0:00:10], next run at: 2015-01-25 21:05:25 IST)" skipped: maximum number of running instances reached (1)
WARNING:apscheduler.scheduler:Execution of job "no_fucks_given (trigger: interval[0:00:10], next run at: 2015-01-25 21:05:35 IST)" skipped: maximum number of running instances reached (1)
WARNING:apscheduler.scheduler:Execution of job "no_fucks_given (trigger: interval[0:00:10], next run at: 2015-01-25 21:05:45 IST)" skipped: maximum number of running instances reached (1)
WARNING:apscheduler.scheduler:Execution of job "no_fucks_given (trigger: interval[0:00:10], next run at: 2015-01-25 21:05:55 IST)" skipped: maximum number of running instances reached (1)
WARNING:apscheduler.scheduler:Execution of job "no_fucks_given (trigger: interval[0:00:10], next run at: 2015-01-25 21:06:05 IST)" skipped: maximum number of running instances reached (1)
WARNING:apscheduler.scheduler:Execution of job "no_fucks_given (trigger: interval[0:00:10], next run at: 2015-01-25 21:06:15 IST)" skipped: maximum number of running instances reached (1)
WARNING:apscheduler.scheduler:Execution of job "no_fucks_given (trigger: interval[0:00:10], next run at: 2015-01-25 21:06:25 IST)" skipped: maximum number of running instances reached (1)
WARNING:apscheduler.scheduler:Execution of job "no_fucks_given (trigger: interval[0:00:10], next run at: 2015-01-25 21:06:35 IST)" skipped: maximum number of running instances reached (1)
WARNING:apscheduler.scheduler:Execution of job "no_fucks_given (trigger: interval[0:00:10], next run at: 2015-01-25 21:06:45 IST)" skipped: maximum number of running instances reached (1)
WARNING:apscheduler.scheduler:Execution of job "no_fucks_given (trigger: interval[0:00:10], next run at: 2015-01-25 21:06:55 IST)" skipped: maximum number of running instances reached (1)
WARNING:apscheduler.scheduler:Execution of job "no_fucks_given (trigger: interval[0:00:10], next run at: 2015-01-25 21:07:05 IST)" skipped: maximum number of running instances reached (1)
WARNING:apscheduler.scheduler:Execution of job "no_fucks_given (trigger: interval[0:00:10], next run at: 2015-01-25 21:07:15 IST)" skipped: maximum number of running instances reached (1)
WARNING:apscheduler.scheduler:Execution of job "no_fucks_given (trigger: interval[0:00:10], next run at: 2015-01-25 21:07:25 IST)" skipped: maximum number of running instances reached (1)
WARNING:apscheduler.scheduler:Execution of job "no_fucks_given (trigger: interval[0:00:10], next run at: 2015-01-25 21:07:35 IST)" skipped: maximum number of running instances reached (1)
WARNING:apscheduler.scheduler:Execution of job "no_fucks_given (trigger: interval[0:00:10], next run at: 2015-01-25 21:07:45 IST)" skipped: maximum number of running instances reached (1)
WARNING:apscheduler.scheduler:Execution of job "no_fucks_given (trigger: interval[0:00:10], next run at: 2015-01-25 21:07:55 IST)" skipped: maximum number of running instances reached (1)
WARNING:apscheduler.scheduler:Execution of job "no_fucks_given (trigger: interval[0:00:10], next run at: 2015-01-25 21:08:05 IST)" skipped: maximum number of running instances reached (1)
WARNING:apscheduler.scheduler:Execution of job "no_fucks_given (trigger: interval[0:00:10], next run at: 2015-01-25 21:08:15 IST)" skipped: maximum number of running instances reached (1)
WARNING:apscheduler.scheduler:Execution of job "no_fucks_given (trigger: interval[0:00:10], next run at: 2015-01-25 21:08:25 IST)" skipped: maximum number of running instances reached (1)
WARNING:apscheduler.scheduler:Execution of job "no_fucks_given (trigger: interval[0:00:10], next run at: 2015-01-25 21:08:35 IST)" skipped: maximum number of running instances reached (1)
WARNING:apscheduler.scheduler:Execution of job "no_fucks_given (trigger: interval[0:00:10], next run at: 2015-01-25 21:08:45 IST)" skipped: maximum number of running instances reached (1)
WARNING:apscheduler.scheduler:Execution of job "no_fucks_given (trigger: interval[0:00:10], next run at: 2015-01-25 21:08:55 IST)" skipped: maximum number of running instances reached (1)
WARNING:apscheduler.scheduler:Execution of job "no_fucks_given (trigger: interval[0:00:10], next run at: 2015-01-25 21:09:05 IST)" skipped: maximum number of running instances reached (1)
WARNING:apscheduler.scheduler:Execution of job "no_fucks_given (trigger: interval[0:00:10], next run at: 2015-01-25 21:09:15 IST)" skipped: maximum number of running instances reached (1)
WARNING:apscheduler.scheduler:Execution of job "no_fucks_given (trigger: interval[0:00:10], next run at: 2015-01-25 21:09:25 IST)" skipped: maximum number of running instances reached (1)
WARNING:apscheduler.scheduler:Execution of job "no_fucks_given (trigger: interval[0:00:10], next run at: 2015-01-25 21:09:35 IST)" skipped: maximum number of running instances reached (1)
WARNING:apscheduler.scheduler:Execution of job "no_fucks_given (trigger: interval[0:00:10], next run at: 2015-01-25 21:09:45 IST)" skipped: maximum number of running instances reached (1)
WARNING:apscheduler.scheduler:Execution of job "no_fucks_given (trigger: interval[0:00:10], next run at: 2015-01-25 21:09:55 IST)" skipped: maximum number of running instances reached (1)
WARNING:apscheduler.scheduler:Execution of job "no_fucks_given (trigger: interval[0:00:10], next run at: 2015-01-25 21:10:05 IST)" skipped: maximum number of running instances reached (1)
WARNING:apscheduler.scheduler:Execution of job "no_fucks_given (trigger: interval[0:00:10], next run at: 2015-01-25 21:10:15 IST)" skipped: maximum number of running instances reached (1)
WARNING:apscheduler.scheduler:Execution of job "no_fucks_given (trigger: interval[0:00:10], next run at: 2015-01-25 21:10:25 IST)" skipped: maximum number of running instances reached (1)
WARNING:apscheduler.scheduler:Execution of job "no_fucks_given (trigger: interval[0:00:10], next run at: 2015-01-25 21:10:35 IST)" skipped: maximum number of running instances reached (1)
WARNING:apscheduler.scheduler:Execution of job "no_fucks_given (trigger: interval[0:00:10], next run at: 2015-01-25 21:10:45 IST)" skipped: maximum number of running instances reached (1)
WARNING:apscheduler.scheduler:Execution of job "no_fucks_given (trigger: interval[0:00:10], next run at: 2015-01-25 21:10:55 IST)" skipped: maximum number of running instances reached (1)
WARNING:apscheduler.scheduler:Execution of job "no_fucks_given (trigger: interval[0:00:10], next run at: 2015-01-25 21:11:05 IST)" skipped: maximum number of running instances reached (1)
WARNING:apscheduler.scheduler:Execution of job "no_fucks_given (trigger: interval[0:00:10], next run at: 2015-01-25 21:11:15 IST)" skipped: maximum number of running instances reached (1)
WARNING:apscheduler.scheduler:Execution of job "no_fucks_given (trigger: interval[0:00:10], next run at: 2015-01-25 21:11:25 IST)" skipped: maximum number of running instances reached (1)
WARNING:apscheduler.scheduler:Execution of job "no_fucks_given (trigger: interval[0:00:10], next run at: 2015-01-25 21:11:35 IST)" skipped: maximum number of running instances reached (1)
WARNING:apscheduler.scheduler:Execution of job "no_fucks_given (trigger: interval[0:00:10], next run at: 2015-01-25 21:11:45 IST)" skipped: maximum number of running instances reached (1)
WARNING:apscheduler.scheduler:Execution of job "no_fucks_given (trigger: interval[0:00:10], next run at: 2015-01-25 21:11:55 IST)" skipped: maximum number of running instances reached (1)
WARNING:apscheduler.scheduler:Execution of job "no_fucks_given (trigger: interval[0:00:10], next run at: 2015-01-25 21:12:05 IST)" skipped: maximum number of running instances reached (1)
WARNING:apscheduler.scheduler:Execution of job "no_fucks_given (trigger: interval[0:00:10], next run at: 2015-01-25 21:12:15 IST)" skipped: maximum number of running instances reached (1)
WARNING:apscheduler.scheduler:Execution of job "no_fucks_given (trigger: interval[0:00:10], next run at: 2015-01-25 21:12:25 IST)" skipped: maximum number of running instances reached (1)
WARNING:apscheduler.scheduler:Execution of job "no_fucks_given (trigger: interval[0:00:10], next run at: 2015-01-25 21:12:35 IST)" skipped: maximum number of running instances reached (1)
WARNING:apscheduler.scheduler:Execution of job "no_fucks_given (trigger: interval[0:00:10], next run at: 2015-01-25 21:12:45 IST)" skipped: maximum number of running instances reached (1)
WARNING:apscheduler.scheduler:Execution of job "no_fucks_given (trigger: interval[0:00:10], next run at: 2015-01-25 21:12:55 IST)" skipped: maximum number of running instances reached (1)
WARNING:apscheduler.scheduler:Execution of job "no_fucks_given (trigger: interval[0:00:10], next run at: 2015-01-25 21:13:05 IST)" skipped: maximum number of running instances reached (1)
WARNING:apscheduler.scheduler:Execution of job "no_fucks_given (trigger: interval[0:00:10], next run at: 2015-01-25 21:13:15 IST)" skipped: maximum number of running instances reached (1)
WARNING:apscheduler.scheduler:Execution of job "no_fucks_given (trigger: interval[0:00:10], next run at: 2015-01-25 21:13:25 IST)" skipped: maximum number of running instances reached (1)
WARNING:apscheduler.scheduler:Execution of job "no_fucks_given (trigger: interval[0:00:10], next run at: 2015-01-25 21:13:35 IST)" skipped: maximum number of running instances reached (1)
WARNING:apscheduler.scheduler:Execution of job "no_fucks_given (trigger: interval[0:00:10], next run at: 2015-01-25 21:13:45 IST)" skipped: maximum number of running instances reached (1)
WARNING:apscheduler.scheduler:Execution of job "no_fucks_given (trigger: interval[0:00:10], next run at: 2015-01-25 21:13:55 IST)" skipped: maximum number of running instances reached (1)
WARNING:apscheduler.scheduler:Execution of job "no_fucks_given (trigger: interval[0:00:10], next run at: 2015-01-25 21:14:05 IST)" skipped: maximum number of running instances reached (1)
WARNING:apscheduler.scheduler:Execution of job "no_fucks_given (trigger: interval[0:00:10], next run at: 2015-01-25 21:14:15 IST)" skipped: maximum number of running instances reached (1)
WARNING:apscheduler.scheduler:Execution of job "no_fucks_given (trigger: interval[0:00:10], next run at: 2015-01-25 21:14:25 IST)" skipped: maximum number of running instances reached (1)
WARNING:apscheduler.scheduler:Execution of job "no_fucks_given (trigger: interval[0:00:10], next run at: 2015-01-25 21:14:35 IST)" skipped: maximum number of running instances reached (1)
WARNING:apscheduler.scheduler:Execution of job "no_fucks_given (trigger: interval[0:00:10], next run at: 2015-01-25 21:14:45 IST)" skipped: maximum number of running instances reached (1)
WARNING:apscheduler.scheduler:Execution of job "no_fucks_given (trigger: interval[0:00:10], next run at: 2015-01-25 21:14:55 IST)" skipped: maximum number of running instances reached (1)
WARNING:apscheduler.scheduler:Execution of job "no_fucks_given (trigger: interval[0:00:10], next run at: 2015-01-25 21:15:05 IST)" skipped: maximum number of running instances reached (1)
WARNING:apscheduler.scheduler:Execution of job "no_fucks_given (trigger: interval[0:00:10], next run at: 2015-01-25 21:15:15 IST)" skipped: maximum number of running instances reached (1)
WARNING:apscheduler.scheduler:Execution of job "no_fucks_given (trigger: interval[0:00:10], next run at: 2015-01-25 21:15:25 IST)" skipped: maximum number of running instances reached (1)
